  [1m[36m (14.9ms)[0m  [1mCREATE TABLE "schema_migrations" ("version" character varying NOT NULL) [0m
  [1m[35m (7.7ms)[0m  CREATE UNIQUE INDEX  "unique_schema_migrations" ON "schema_migrations"  ("version")
  [1m[36mActiveRecord::SchemaMigration Load (0.4ms)[0m  [1mSELECT "schema_migrations".* FROM "schema_migrations"[0m
  [1m[36mActiveRecord::SchemaMigration Load (6.4ms)[0m  [1mSELECT "schema_migrations".* FROM "schema_migrations"[0m
  [1m[36mActiveRecord::SchemaMigration Load (0.7ms)[0m  [1mSELECT "schema_migrations".* FROM "schema_migrations"[0m
Migrating to CreateLinks (20160319115809)
  [1m[35m (0.2ms)[0m  BEGIN
  [1m[36m (29.9ms)[0m  [1mCREATE TABLE "links" ("id" serial primary key, "title" character varying, "url" character varying, "created_at" timestamp NOT NULL, "updated_at" timestamp NOT NULL) [0m
  [1m[35mSQL (1.7ms)[0m  INSERT INTO "schema_migrations" ("version") VALUES ($1)  [["version", "20160319115809"]]
  [1m[36m (12.3ms)[0m  [1mCOMMIT[0m
  [1m[35mActiveRecord::SchemaMigration Load (0.2ms)[0m  SELECT "schema_migrations".* FROM "schema_migrations"
  [1m[36m (23.8ms)[0m  [1mSELECT t2.oid::regclass::text AS to_table, a1.attname AS column, a2.attname AS primary_key, c.conname AS name, c.confupdtype AS on_update, c.confdeltype AS on_delete
FROM pg_constraint c
JOIN pg_class t1 ON c.conrelid = t1.oid
JOIN pg_class t2 ON c.confrelid = t2.oid
JOIN pg_attribute a1 ON a1.attnum = c.conkey[1] AND a1.attrelid = t1.oid
JOIN pg_attribute a2 ON a2.attnum = c.confkey[1] AND a2.attrelid = t2.oid
JOIN pg_namespace t3 ON c.connamespace = t3.oid
WHERE c.contype = 'f'
  AND t1.relname = 'links'
  AND t3.nspname = ANY (current_schemas(false))
ORDER BY c.conname
[0m
  [1m[36m (248.3ms)[0m  [1mDROP DATABASE IF EXISTS "test-rspec_development"[0m
  [1m[36m (373.5ms)[0m  [1mCREATE DATABASE "test-rspec_development" ENCODING = 'unicode'[0m
  [1m[35m (19.7ms)[0m  CREATE TABLE "schema_migrations" ("version" character varying NOT NULL) 
  [1m[36m (2.0ms)[0m  [1mCREATE UNIQUE INDEX  "unique_schema_migrations" ON "schema_migrations"  ("version")[0m
  [1m[35mActiveRecord::SchemaMigration Load (0.5ms)[0m  SELECT "schema_migrations".* FROM "schema_migrations"
Migrating to CreateLinks (20160319115809)
  [1m[36m (0.2ms)[0m  [1mBEGIN[0m
  [1m[35m (14.5ms)[0m  CREATE TABLE "links" ("id" serial primary key, "title" character varying, "url" character varying, "created_at" timestamp NOT NULL, "updated_at" timestamp NOT NULL) 
  [1m[36mSQL (0.4ms)[0m  [1mINSERT INTO "schema_migrations" ("version") VALUES ($1)[0m  [["version", "20160319115809"]]
  [1m[35m (5.7ms)[0m  COMMIT
  [1m[36mActiveRecord::SchemaMigration Load (0.2ms)[0m  [1mSELECT "schema_migrations".* FROM "schema_migrations"[0m
  [1m[35m (2.6ms)[0m  SELECT t2.oid::regclass::text AS to_table, a1.attname AS column, a2.attname AS primary_key, c.conname AS name, c.confupdtype AS on_update, c.confdeltype AS on_delete
FROM pg_constraint c
JOIN pg_class t1 ON c.conrelid = t1.oid
JOIN pg_class t2 ON c.confrelid = t2.oid
JOIN pg_attribute a1 ON a1.attnum = c.conkey[1] AND a1.attrelid = t1.oid
JOIN pg_attribute a2 ON a2.attnum = c.confkey[1] AND a2.attrelid = t2.oid
JOIN pg_namespace t3 ON c.connamespace = t3.oid
WHERE c.contype = 'f'
  AND t1.relname = 'links'
  AND t3.nspname = ANY (current_schemas(false))
ORDER BY c.conname



Started GET "/" for ::1 at 2016-04-02 23:34:49 +0200
Processing by PagesController#home as HTML


Started GET "/" for ::1 at 2016-04-02 23:34:49 +0200
  Rendered pages/home.html.erb within layouts/application (1.9ms)
Processing by PagesController#home as HTML
  Rendered pages/home.html.erb within layouts/application (1.5ms)
Completed 200 OK in 8244ms (Views: 8243.4ms | ActiveRecord: 0.0ms)
Completed 200 OK in 8222ms (Views: 8221.2ms | ActiveRecord: 0.0ms)


Started GET "/" for ::1 at 2016-04-02 23:35:37 +0200
Processing by PagesController#home as HTML
  Rendered pages/home.html.erb within layouts/application (0.1ms)
Completed 200 OK in 23ms (Views: 22.5ms | ActiveRecord: 0.0ms)


Started GET "/" for ::1 at 2016-04-02 23:35:38 +0200
Processing by PagesController#home as HTML
  Rendered pages/home.html.erb within layouts/application (0.0ms)
Completed 200 OK in 25ms (Views: 25.1ms | ActiveRecord: 0.0ms)


Started GET "/" for ::1 at 2016-04-02 23:37:20 +0200
Processing by PagesController#home as HTML
  Rendered pages/home.html.erb within layouts/application (0.0ms)
Completed 200 OK in 1202ms (Views: 1201.4ms | ActiveRecord: 0.0ms)


Started GET "/" for ::1 at 2016-04-03 13:44:21 +0200
Processing by PagesController#home as HTML
  Rendered pages/home.html.erb within layouts/application (2.1ms)


Started GET "/" for ::1 at 2016-04-03 13:44:21 +0200
Processing by PagesController#home as HTML
  Rendered pages/home.html.erb within layouts/application (1.7ms)
Completed 200 OK in 7117ms (Views: 7116.4ms | ActiveRecord: 0.0ms)
Completed 200 OK in 6803ms (Views: 6803.0ms | ActiveRecord: 0.0ms)
